SF:lib\components\common\molecules\default_text_input.dart
DA:27,2
DA:49,1
DA:51,2
DA:53,2
DA:54,2
DA:55,6
DA:57,2
DA:58,2
DA:59,2
DA:60,2
DA:61,2
DA:62,2
DA:63,2
DA:64,2
DA:65,2
DA:66,2
DA:67,2
DA:69,2
DA:70,2
DA:71,2
DA:72,8
DA:76,2
DA:77,2
DA:79,2
DA:81,2
DA:83,2
DA:85,2
DA:86,6
DA:87,2
DA:89,2
DA:90,6
DA:91,2
DA:93,2
DA:94,6
DA:95,2
DA:97,2
DA:99,2
DA:100,2
DA:101,2
DA:102,2
LF:40
LH:40
end_of_record
SF:lib\components\common\molecules\additional_text_input.dart
DA:5,1
DA:7,1
DA:9,1
DA:16,1
DA:17,2
LF:5
LH:5
end_of_record
SF:lib\components\common\molecules\password_text_input.dart
DA:13,1
DA:23,1
DA:25,1
DA:26,1
DA:33,1
DA:35,1
DA:36,5
DA:37,1
DA:38,2
DA:39,1
DA:42,2
DA:43,2
DA:48,1
DA:50,1
DA:52,1
DA:54,1
DA:56,1
DA:57,3
DA:58,1
DA:60,1
DA:61,3
DA:62,1
DA:64,1
DA:65,3
DA:66,1
DA:68,1
DA:69,6
DA:70,1
DA:71,1
DA:74,1
DA:75,2
DA:76,2
DA:81,2
DA:82,2
DA:83,2
DA:84,2
LF:36
LH:36
end_of_record
SF:lib\components\common\molecules\loading_bright_widget.dart
DA:5,1
DA:7,1
DA:9,1
DA:10,1
DA:11,1
LF:5
LH:5
end_of_record
SF:lib\components\common\molecules\primary_button.dart
DA:15,1
DA:23,1
DA:25,1
DA:27,2
DA:28,1
DA:29,1
DA:30,4
DA:36,3
DA:37,1
DA:39,1
DA:40,4
DA:41,4
DA:43,2
DA:48,1
DA:49,3
DA:50,1
DA:52,1
DA:53,1
DA:55,1
DA:57,1
LF:20
LH:20
end_of_record
SF:lib\components\common\molecules\condition.dart
DA:10,1
DA:15,1
DA:17,1
DA:18,1
DA:19,2
DA:20,1
DA:21,0
DA:22,1
LF:8
LH:7
end_of_record
SF:lib\components\combine_example\view\combine_example_screen.dart
DA:5,1
DA:7,1
DA:9,1
DA:10,1
LF:4
LH:4
end_of_record
SF:lib\components\common\molecules\pin_circle_active.dart
DA:6,1
DA:8,1
LF:2
LH:2
end_of_record
SF:lib\components\common\molecules\pin_circle_inactive.dart
DA:6,1
DA:8,1
DA:10,1
DA:12,1
LF:4
LH:4
end_of_record
SF:lib\components\common\molecules\pin_input_body.dart
DA:16,1
DA:27,1
DA:29,1
DA:30,1
DA:36,1
DA:38,1
DA:39,1
DA:40,1
DA:41,9
DA:42,1
DA:45,1
DA:46,1
DA:48,2
DA:50,2
DA:52,3
DA:53,2
DA:55,1
DA:56,2
DA:59,2
DA:64,1
DA:66,1
DA:67,5
DA:68,4
DA:70,2
DA:71,0
DA:74,7
DA:75,6
DA:79,1
DA:80,4
DA:81,12
DA:83,2
DA:84,0
DA:88,2
DA:89,2
LF:34
LH:32
end_of_record
SF:lib\components\common\molecules\pin_input_progress.dart
DA:9,1
DA:12,1
DA:14,1
DA:15,1
DA:19,1
DA:21,1
DA:22,4
DA:25,1
DA:27,4
DA:28,1
DA:31,1
DA:32,2
DA:35,1
DA:37,1
DA:39,1
DA:40,5
DA:41,6
DA:42,6
DA:43,6
DA:44,6
DA:45,6
DA:50,1
LF:22
LH:22
end_of_record
SF:lib\components\common\molecules\pin_keyboard.dart
DA:11,1
DA:17,1
DA:19,1
DA:21,1
DA:22,1
DA:24,1
DA:26,1
DA:28,1
DA:29,1
DA:30,2
DA:31,1
DA:35,1
DA:37,1
DA:39,1
DA:40,1
DA:41,2
DA:42,1
DA:46,1
DA:48,1
DA:50,1
DA:51,1
DA:52,2
DA:53,1
DA:57,1
DA:59,1
DA:61,1
DA:62,2
DA:63,2
DA:64,1
DA:72,1
DA:73,1
DA:79,1
DA:80,8
DA:81,2
DA:82,1
DA:87,1
DA:88,1
DA:90,1
DA:91,2
DA:92,1
DA:93,2
DA:95,1
DA:101,1
DA:102,1
DA:103,3
DA:106,1
DA:110,1
DA:111,1
DA:113,1
DA:115,1
DA:116,2
DA:118,1
DA:120,1
DA:121,1
DA:122,3
DA:134,0
DA:135,0
DA:137,0
DA:139,0
DA:140,0
DA:141,0
DA:142,0
DA:148,1
DA:149,1
DA:151,1
DA:153,0
DA:154,1
DA:157,1
DA:158,1
DA:159,3
DA:162,1
DA:163,1
DA:164,1
LF:73
LH:65
end_of_record
SF:lib\components\combine_example\organisms\combine_example_body.dart
DA:6,1
DA:8,1
DA:9,1
DA:17,1
DA:19,1
DA:20,2
DA:21,2
DA:24,1
DA:26,2
DA:27,1
DA:30,1
DA:32,1
DA:33,1
DA:35,1
DA:36,1
DA:37,2
DA:38,2
DA:39,1
DA:42,2
DA:44,2
DA:45,1
DA:49,2
LF:22
LH:22
end_of_record
SF:lib\components\common\validator\pin_validator.dart
DA:2,1
DA:4,2
DA:5,2
DA:6,2
DA:11,3
DA:12,5
DA:15,2
DA:20,3
DA:21,5
DA:24,2
DA:28,1
LF:11
LH:11
end_of_record
SF:lib\components\common\molecules\pin_circle_base.dart
DA:7,2
DA:9,1
DA:11,1
DA:13,1
DA:15,1
DA:16,1
LF:6
LH:6
end_of_record
